<?xml version="1.0" encoding="UTF-8"?>
<!-- Generated by org.testng.reporters.JUnitReportReporter -->
<testsuite name="Tests.TC1" tests="1" time="5.626" ignored="0" failures="0" timestamp="18 Feb 2018 10:50:03 GMT" skipped="0" hostname="Vish-PC" errors="0">
  <testcase name="method1" time="5.626" classname="Tests.TC1"/>
</testsuite> <!-- Tests.TC1 -->
